<?xml version="1.0" encoding="UTF-8"?>
<!-- Generated by org.testng.reporters.JUnitReportReporter -->
<testsuite hostname="IBM588-PC09G5AD" name="testNG.DataProvider1" tests="2" failures="0" timestamp="27 May 2019 06:19:09 GMT" time="23.695" errors="0">
  <testcase name="f" time="11.856" classname="testNG.DataProvider1"/>
  <testcase name="f" time="11.839" classname="testNG.DataProvider1"/>
</testsuite> <!-- testNG.DataProvider1 -->
