<?xml version="1.0" encoding="UTF-8"?>
<!-- Generated by org.testng.reporters.JUnitReportReporter -->
<testsuite hostname="IBM588-PC09G5AD" name="testNG.Demo3" tests="5" failures="0" timestamp="27 May 2019 07:31:30 GMT" time="0.021" errors="0">
  <testcase name="Elephant" time="0.002" classname="testNG.Demo3"/>
  <testcase name="A" time="0.014" classname="testNG.Demo3"/>
  <testcase name="Lion" time="0.002" classname="testNG.Demo3"/>
  <testcase name="B" time="0.002" classname="testNG.Demo3"/>
  <testcase name="Tiger" time="0.001" classname="testNG.Demo3"/>
</testsuite> <!-- testNG.Demo3 -->
