<?xml version="1.0" encoding="UTF-8"?>
<!-- Generated by org.testng.reporters.JUnitReportReporter -->
<testsuite hostname="IBM588-PC09G5AD" name="testNG.Demo7_seleniumgrid_node_hub" tests="1" failures="0" timestamp="29 May 2019 07:21:42 GMT" time="9.950" errors="0">
  <testcase name="RMTestcase" time="9.950" classname="testNG.Demo7_seleniumgrid_node_hub"/>
</testsuite> <!-- testNG.Demo7_seleniumgrid_node_hub -->
