<?xml version="1.0" encoding="UTF-8"?>
<!-- Generated by org.testng.reporters.JUnitReportReporter -->
<testsuite hostname="IBM588-PC09G5AD" name="testNG.Demo6" tests="2" failures="0" timestamp="28 May 2019 07:16:13 GMT" time="8.714" errors="0">
  <testcase name="testcase" time="4.339" classname="testNG.Demo6"/>
  <testcase name="testcase" time="4.375" classname="testNG.Demo6"/>
</testsuite> <!-- testNG.Demo6 -->
