<?xml version="1.0" encoding="UTF-8"?>
<!-- Generated by org.testng.reporters.JUnitReportReporter -->
<testsuite hostname="IBM588-PC09G5AD" name="testNG.Demo3_priority" tests="5" failures="0" timestamp="27 May 2019 07:35:26 GMT" time="0.023" errors="0">
  <testcase name="sunil" time="0.002" classname="testNG.Demo3_priority"/>
  <testcase name="B" time="0.015" classname="testNG.Demo3_priority"/>
  <testcase name="Lion" time="0.001" classname="testNG.Demo3_priority"/>
  <testcase name="Elephant" time="0.002" classname="testNG.Demo3_priority"/>
  <testcase name="Tiger" time="0.003" classname="testNG.Demo3_priority"/>
</testsuite> <!-- testNG.Demo3_priority -->
