<?xml version="1.0" encoding="UTF-8"?>
<!-- Generated by org.testng.reporters.JUnitReportReporter -->
<testsuite hostname="IBM588-PC09G5AD" name="testNG.Demo1" tests="2" failures="0" timestamp="28 May 2019 06:38:19 GMT" time="0.009" errors="0">
  <testcase name="sutest" time="0.007" classname="testNG.Demo1"/>
  <testcase name="sutest1" time="0.002" classname="testNG.Demo1"/>
</testsuite> <!-- testNG.Demo1 -->
