<?xml version="1.0" encoding="UTF-8"?>
<!-- Generated by org.testng.reporters.JUnitReportReporter -->
<testsuite hostname="IBM588-PC09G5AD" name="testNG.NewTest" tests="1" failures="0" timestamp="22 May 2019 07:18:27 GMT" time="3.334" errors="0">
  <testcase name="f" time="3.334" classname="testNG.NewTest"/>
</testsuite> <!-- testNG.NewTest -->
