<?xml version="1.0" encoding="UTF-8"?>
<!-- Generated by org.testng.reporters.JUnitReportReporter -->
<testsuite hostname="IBM588-PC09G5AD" name="testNG.Demo2_Testng" tests="1" failures="0" timestamp="28 May 2019 06:38:19 GMT" time="0.002" errors="0">
  <testcase name="sutest3" time="0.002" classname="testNG.Demo2_Testng"/>
</testsuite> <!-- testNG.Demo2_Testng -->
